#
# There is insufficient memory for the Java Runtime Environment to continue.
# Native memory allocation (malloc) failed to allocate 2214896 bytes for Chunk::new
# Possible reasons:
#   The system is out of physical RAM or swap space
#   In 32 bit mode, the process size limit was hit
# Possible solutions:
#   Reduce memory load on the system
#   Increase physical memory or swap space
#   Check if swap backing store is full
#   Use 64 bit Java on a 64 bit OS
#   Decrease Java heap size (-Xmx/-Xms)
#   Decrease number of Java threads
#   Decrease Java thread stack sizes (-Xss)
#   Set larger code cache with -XX:ReservedCodeCacheSize=
# This output file may be truncated or incomplete.
#
#  Out of Memory Error (allocation.cpp:390), pid=4932, tid=0x00000000000003c0
#
# JRE version: OpenJDK Runtime Environment (8.0_152-b06) (build 1.8.0_152-release-1136-b06)
# Java VM: OpenJDK 64-Bit Server VM (25.152-b06 mixed mode windows-amd64 compressed oops)
# Failed to write core dump. Minidumps are not enabled by default on client versions of Windows
#

---------------  T H R E A D  ---------------

Current thread (0x00000000165cd000):  JavaThread "C2 CompilerThread0" daemon [_thread_in_native, id=960, stack(0x0000000017c10000,0x0000000017d10000)]

Stack: [0x0000000017c10000,0x0000000017d10000]
[error occurred during error reporting (printing stack bounds), id 0xc0000005]

Native frames: (J=compiled Java code, j=interpreted, Vv=VM code, C=native code)


Current CompileTask:
C2:  19559 5119   !   4       java.net.URLClassLoader$1::run (63 bytes)


---------------  P R O C E S S  ---------------

Java Threads: ( => current thread )
  0x000000001d0b1000 JavaThread "Memory manager" [_thread_blocked, id=5436, stack(0x00000000219e0000,0x0000000021ae0000)]
  0x000000001d0ac800 JavaThread "pool-1-thread-1" [_thread_blocked, id=2688, stack(0x00000000216e0000,0x00000000217e0000)]
  0x000000001d0ab000 JavaThread "Build operations Thread 4" [_thread_blocked, id=5924, stack(0x0000000020210000,0x0000000020310000)]
  0x000000001d0ae000 JavaThread "Build operations Thread 3" [_thread_blocked, id=1320, stack(0x0000000020110000,0x0000000020210000)]
  0x000000001bb1d000 JavaThread "Build operations Thread 2" [_thread_blocked, id=5676, stack(0x0000000020010000,0x0000000020110000)]
  0x000000001bb1e800 JavaThread "Build operations" [_thread_blocked, id=2460, stack(0x000000001ea20000,0x000000001eb20000)]
  0x000000001bb1c800 JavaThread "Cache worker for Artifact transforms cache (C:\Users\Most\.gradle\caches\transforms-1)" [_thread_blocked, id=5708, stack(0x000000001e920000,0x000000001ea20000)]
  0x000000001b0d3800 JavaThread "Cache worker for file hash cache (E:\AndroidApps\AfshatQuiz\.gradle\4.6\fileHashes)" [_thread_blocked, id=6832, stack(0x000000001c080000,0x000000001c180000)]
  0x00000000195d6800 JavaThread "File lock request listener" [_thread_in_native, id=3168, stack(0x000000001bf80000,0x000000001c080000)]
  0x00000000195d5800 JavaThread "Cache worker for file hash cache (C:\Users\Most\.gradle\caches\4.6\fileHashes)" [_thread_blocked, id=4296, stack(0x000000001be80000,0x000000001bf80000)]
  0x00000000186ea800 JavaThread "Stdin handler" [_thread_blocked, id=4780, stack(0x000000001abb0000,0x000000001acb0000)]
  0x00000000187e6000 JavaThread "Asynchronous log dispatcher for DefaultDaemonConnection: socket connection from /127.0.0.1:51271 to /127.0.0.1:51272" [_thread_blocked, id=192, stack(0x000000001aab0000,0x000000001abb0000)]
  0x0000000018004800 JavaThread "Daemon worker" [_thread_in_vm, id=5636, stack(0x000000001a9b0000,0x000000001aab0000)]
  0x0000000018004000 JavaThread "Cancel handler" [_thread_blocked, id=4252, stack(0x000000001a8b0000,0x000000001a9b0000)]
  0x000000001873a800 JavaThread "Handler for socket connection from /127.0.0.1:51271 to /127.0.0.1:51272" [_thread_in_native, id=5204, stack(0x000000001a5b0000,0x000000001a6b0000)]
  0x00000000194e8000 JavaThread "Daemon" [_thread_blocked, id=7052, stack(0x000000001a4b0000,0x000000001a5b0000)]
  0x00000000194ed800 JavaThread "Daemon periodic checks" [_thread_blocked, id=6476, stack(0x000000001a3b0000,0x000000001a4b0000)]
  0x000000001809a800 JavaThread "Incoming local TCP Connector on port 51271" [_thread_in_native, id=4108, stack(0x000000001a1c0000,0x000000001a2c0000)]
  0x0000000017f38800 JavaThread "Service Thread" daemon [_thread_blocked, id=2064, stack(0x0000000018310000,0x0000000018410000)]
  0x0000000002c2d000 JavaThread "C1 CompilerThread2" daemon [_thread_blocked, id=3144, stack(0x0000000017e10000,0x0000000017f10000)]
  0x00000000165d6000 JavaThread "C2 CompilerThread1" daemon [_thread_in_native, id=4412, stack(0x0000000017d10000,0x0000000017e10000)]
=>0x00000000165cd000 JavaThread "C2 CompilerThread0" daemon [_thread_in_native, id=960, stack(0x0000000017c10000,0x0000000017d10000)]
  0x00000000165da800 JavaThread "Attach Listener" daemon [_thread_blocked, id=6260, stack(0x0000000017b10000,0x0000000017c10000)]
  0x00000000165d9000 JavaThread "Signal Dispatcher" daemon [_thread_blocked, id=4608, stack(0x0000000017a10000,0x0000000017b10000)]
  0x00000000165be000 JavaThread "Finalizer" daemon [_thread_blocked, id=6700, stack(0x0000000017820000,0x0000000017920000)]
  0x0000000002c21000 JavaThread "Reference Handler" daemon [_thread_blocked, id=5184, stack(0x0000000017720000,0x0000000017820000)]
  0x00000000029ed800 JavaThread "main" [_thread_blocked, id=7076, stack(0x0000000002a30000,0x0000000002b30000)]

Other Threads:
  0x0000000016595800 VMThread [stack: 0x0000000017620000,0x0000000017720000] [id=3968]
  0x000000001662e000 WatcherThread [stack: 0x0000000018410000,0x0000000018510000] [id=3552]

VM state:not at safepoint (normal execution)

VM Mutex/Monitor currently owned by a thread: None

Heap:
 PSYoungGen      total 137216K, used 9371K [0x00000000e0000000, 0x00000000eb100000, 0x0000000100000000)
  eden space 123904K, 7% used [0x00000000e0000000,0x00000000e0926c30,0x00000000e7900000)
  from space 13312K, 0% used [0x00000000e7900000,0x00000000e7900000,0x00000000e8600000)
  to   space 14848K, 0% used [0x00000000ea280000,0x00000000ea280000,0x00000000eb100000)
 ParOldGen       total 92160K, used 32844K [0x00000000a0000000, 0x00000000a5a00000, 0x00000000e0000000)
  object space 92160K, 35% used [0x00000000a0000000,0x00000000a20132d0,0x00000000a5a00000)
 Metaspace       used 51416K, capacity 52834K, committed 52992K, reserved 1095680K
  class space    used 6950K, capacity 7358K, committed 7424K, reserved 1048576K

Card table byte_map: [0x0000000012000000,0x0000000012310000] byte_map_base: 0x0000000011b00000

Marking Bits: (ParMarkBitMap*) 0x000000006db05aa0
 Begin Bits: [0x0000000012910000, 0x0000000014110000)
 End Bits:   [0x0000000014110000, 0x0000000015910000)

Polling page: 0x00000000029d0000

CodeCache: size=245760Kb used=16756Kb max_used=17043Kb free=229003Kb
 bounds [0x0000000002c40000, 0x0000000003cf0000, 0x0000000011c40000]
 total_blobs=5684 nmethods=4921 adapters=675
 compilation: enabled

Compilation events (10 events):
Event: 19.502 Thread 0x0000000002c2d000 5290       1       java.lang.invoke.InnerClassLambdaMetafactory::access$000 (5 bytes)
Event: 19.502 Thread 0x0000000002c2d000 nmethod 5290 0x000000000336cd10 code [0x000000000336ce60, 0x000000000336cf50]
Event: 19.502 Thread 0x0000000002c2d000 5291       1       java.lang.invoke.InnerClassLambdaMetafactory::access$400 (5 bytes)
Event: 19.503 Thread 0x0000000002c2d000 nmethod 5291 0x000000000336ca50 code [0x000000000336cba0, 0x000000000336cc90]
Event: 19.527 Thread 0x0000000002c2d000 5293       2       org.gradle.api.internal.file.CompositeFileCollection::<init> (5 bytes)
Event: 19.527 Thread 0x0000000002c2d000 nmethod 5293 0x0000000002e2ea90 code [0x0000000002e2ebe0, 0x0000000002e2ed30]
Event: 19.542 Thread 0x0000000002c2d000 5295       2       java.util.LinkedHashMap$LinkedEntrySet::size (8 bytes)
Event: 19.542 Thread 0x0000000002c2d000 nmethod 5295 0x0000000002f06690 code [0x0000000002f067e0, 0x0000000002f06930]
Event: 19.542 Thread 0x0000000002c2d000 5296       2       org.gradle.api.specs.Specs::satisfyAll (10 bytes)
Event: 19.542 Thread 0x0000000002c2d000 nmethod 5296 0x0000000002f06390 code [0x0000000002f064e0, 0x0000000002f06610]

GC Heap History (10 events):
Event: 14.393 GC heap before
{Heap before GC invocations=10 (full 1):
 PSYoungGen      total 111616K, used 106739K [0x00000000e0000000, 0x00000000e8d00000, 0x0000000100000000)
  eden space 104448K, 95% used [0x00000000e0000000,0x00000000e61b1a10,0x00000000e6600000)
  from space 7168K, 93% used [0x00000000e8600000,0x00000000e8c8b370,0x00000000e8d00000)
  to   space 8704K, 0% used [0x00000000e7c00000,0x00000000e7c00000,0x00000000e8480000)
 ParOldGen       total 36864K, used 10805K [0x00000000a0000000, 0x00000000a2400000, 0x00000000e0000000)
  object space 36864K, 29% used [0x00000000a0000000,0x00000000a0a8d430,0x00000000a2400000)
 Metaspace       used 34698K, capacity 35278K, committed 35416K, reserved 1079296K
  class space    used 4786K, capacity 5009K, committed 5120K, reserved 1048576K
Event: 14.456 GC heap after
Heap after GC invocations=10 (full 1):
 PSYoungGen      total 113152K, used 8674K [0x00000000e0000000, 0x00000000e8d00000, 0x0000000100000000)
  eden space 104448K, 0% used [0x00000000e0000000,0x00000000e0000000,0x00000000e6600000)
  from space 8704K, 99% used [0x00000000e7c00000,0x00000000e84788f0,0x00000000e8480000)
  to   space 7168K, 0% used [0x00000000e8600000,0x00000000e8600000,0x00000000e8d00000)
 ParOldGen       total 36864K, used 15177K [0x00000000a0000000, 0x00000000a2400000, 0x00000000e0000000)
  object space 36864K, 41% used [0x00000000a0000000,0x00000000a0ed2768,0x00000000a2400000)
 Metaspace       used 34698K, capacity 35278K, committed 35416K, reserved 1079296K
  class space    used 4786K, capacity 5009K, committed 5120K, reserved 1048576K
}
Event: 14.456 GC heap before
{Heap before GC invocations=11 (full 2):
 PSYoungGen      total 113152K, used 8674K [0x00000000e0000000, 0x00000000e8d00000, 0x0000000100000000)
  eden space 104448K, 0% used [0x00000000e0000000,0x00000000e0000000,0x00000000e6600000)
  from space 8704K, 99% used [0x00000000e7c00000,0x00000000e84788f0,0x00000000e8480000)
  to   space 7168K, 0% used [0x00000000e8600000,0x00000000e8600000,0x00000000e8d00000)
 ParOldGen       total 36864K, used 15177K [0x00000000a0000000, 0x00000000a2400000, 0x00000000e0000000)
  object space 36864K, 41% used [0x00000000a0000000,0x00000000a0ed2768,0x00000000a2400000)
 Metaspace       used 34698K, capacity 35278K, committed 35416K, reserved 1079296K
  class space    used 4786K, capacity 5009K, committed 5120K, reserved 1048576K
Event: 14.668 GC heap after
Heap after GC invocations=11 (full 2):
 PSYoungGen      total 113152K, used 0K [0x00000000e0000000, 0x00000000e8d00000, 0x0000000100000000)
  eden space 104448K, 0% used [0x00000000e0000000,0x00000000e0000000,0x00000000e6600000)
  from space 8704K, 0% used [0x00000000e7c00000,0x00000000e7c00000,0x00000000e8480000)
  to   space 7168K, 0% used [0x00000000e8600000,0x00000000e8600000,0x00000000e8d00000)
 ParOldGen       total 36864K, used 19521K [0x00000000a0000000, 0x00000000a2400000, 0x00000000e0000000)
  object space 36864K, 52% used [0x00000000a0000000,0x00000000a13105a0,0x00000000a2400000)
 Metaspace       used 34698K, capacity 35278K, committed 35416K, reserved 1079296K
  class space    used 4786K, capacity 5009K, committed 5120K, reserved 1048576K
}
Event: 16.670 GC heap before
{Heap before GC invocations=12 (full 2):
 PSYoungGen      total 113152K, used 104448K [0x00000000e0000000, 0x00000000e8d00000, 0x0000000100000000)
  eden space 104448K, 100% used [0x00000000e0000000,0x00000000e6600000,0x00000000e6600000)
  from space 8704K, 0% used [0x00000000e7c00000,0x00000000e7c00000,0x00000000e8480000)
  to   space 7168K, 0% used [0x00000000e8600000,0x00000000e8600000,0x00000000e8d00000)
 ParOldGen       total 36864K, used 19521K [0x00000000a0000000, 0x00000000a2400000, 0x00000000e0000000)
  object space 36864K, 52% used [0x00000000a0000000,0x00000000a13105a0,0x00000000a2400000)
 Metaspace       used 41275K, capacity 41994K, committed 42240K, reserved 1085440K
  class space    used 5554K, capacity 5807K, committed 5888K, reserved 1048576K
Event: 16.690 GC heap after
Heap after GC invocations=12 (full 2):
 PSYoungGen      total 131072K, used 7156K [0x00000000e0000000, 0x00000000e9700000, 0x0000000100000000)
  eden space 123904K, 0% used [0x00000000e0000000,0x00000000e0000000,0x00000000e7900000)
  from space 7168K, 99% used [0x00000000e8600000,0x00000000e8cfd2e0,0x00000000e8d00000)
  to   space 13312K, 0% used [0x00000000e7900000,0x00000000e7900000,0x00000000e8600000)
 ParOldGen       total 36864K, used 24600K [0x00000000a0000000, 0x00000000a2400000, 0x00000000e0000000)
  object space 36864K, 66% used [0x00000000a0000000,0x00000000a1806270,0x00000000a2400000)
 Metaspace       used 41275K, capacity 41994K, committed 42240K, reserved 1085440K
  class space    used 5554K, capacity 5807K, committed 5888K, reserved 1048576K
}
Event: 19.142 GC heap before
{Heap before GC invocations=13 (full 2):
 PSYoungGen      total 131072K, used 131060K [0x00000000e0000000, 0x00000000e9700000, 0x0000000100000000)
  eden space 123904K, 100% used [0x00000000e0000000,0x00000000e7900000,0x00000000e7900000)
  from space 7168K, 99% used [0x00000000e8600000,0x00000000e8cfd2e0,0x00000000e8d00000)
  to   space 13312K, 0% used [0x00000000e7900000,0x00000000e7900000,0x00000000e8600000)
 ParOldGen       total 36864K, used 24600K [0x00000000a0000000, 0x00000000a2400000, 0x00000000e0000000)
  object space 36864K, 66% used [0x00000000a0000000,0x00000000a1806270,0x00000000a2400000)
 Metaspace       used 50656K, capacity 51954K, committed 52096K, reserved 1093632K
  class space    used 6819K, capacity 7180K, committed 7296K, reserved 1048576K
Event: 19.177 GC heap after
Heap after GC invocations=13 (full 2):
 PSYoungGen      total 137216K, used 12112K [0x00000000e0000000, 0x00000000eb100000, 0x0000000100000000)
  eden space 123904K, 0% used [0x00000000e0000000,0x00000000e0000000,0x00000000e7900000)
  from space 13312K, 90% used [0x00000000e7900000,0x00000000e84d4018,0x00000000e8600000)
  to   space 14848K, 0% used [0x00000000ea280000,0x00000000ea280000,0x00000000eb100000)
 ParOldGen       total 36864K, used 31844K [0x00000000a0000000, 0x00000000a2400000, 0x00000000e0000000)
  object space 36864K, 86% used [0x00000000a0000000,0x00000000a1f19198,0x00000000a2400000)
 Metaspace       used 50656K, capacity 51954K, committed 52096K, reserved 1093632K
  class space    used 6819K, capacity 7180K, committed 7296K, reserved 1048576K
}
Event: 19.177 GC heap before
{Heap before GC invocations=14 (full 3):
 PSYoungGen      total 137216K, used 12112K [0x00000000e0000000, 0x00000000eb100000, 0x0000000100000000)
  eden space 123904K, 0% used [0x00000000e0000000,0x00000000e0000000,0x00000000e7900000)
  from space 13312K, 90% used [0x00000000e7900000,0x00000000e84d4018,0x00000000e8600000)
  to   space 14848K, 0% used [0x00000000ea280000,0x00000000ea280000,0x00000000eb100000)
 ParOldGen       total 36864K, used 31844K [0x00000000a0000000, 0x00000000a2400000, 0x00000000e0000000)
  object space 36864K, 86% used [0x00000000a0000000,0x00000000a1f19198,0x00000000a2400000)
 Metaspace       used 50656K, capacity 51954K, committed 52096K, reserved 1093632K
  class space    used 6819K, capacity 7180K, committed 7296K, reserved 1048576K
Event: 19.373 GC heap after
Heap after GC invocations=14 (full 3):
 PSYoungGen      total 137216K, used 0K [0x00000000e0000000, 0x00000000eb100000, 0x0000000100000000)
  eden space 123904K, 0% used [0x00000000e0000000,0x00000000e0000000,0x00000000e7900000)
  from space 13312K, 0% used [0x00000000e7900000,0x00000000e7900000,0x00000000e8600000)
  to   space 14848K, 0% used [0x00000000ea280000,0x00000000ea280000,0x00000000eb100000)
 ParOldGen       total 92160K, used 32844K [0x00000000a0000000, 0x00000000a5a00000, 0x00000000e0000000)
  object space 92160K, 35% used [0x00000000a0000000,0x00000000a20132d0,0x00000000a5a00000)
 Metaspace       used 50656K, capacity 51954K, committed 52096K, reserved 1093632K
  class space    used 6819K, capacity 7180K, committed 7296K, reserved 1048576K
}

Deoptimization events (10 events):
Event: 17.911 Thread 0x0000000018004800 Uncommon trap: reason=unstable_if action=reinterpret pc=0x00000000036de2e0 method=java.util.regex.Pattern$BmpCharProperty.match(Ljava/util/regex/Matcher;ILjava/lang/CharSequence;)Z @ 34
Event: 18.282 Thread 0x0000000018004800 Uncommon trap: reason=unstable_if action=reinterpret pc=0x0000000003ad9648 method=com.sun.org.apache.xerces.internal.impl.io.UTF8Reader.read([CII)I @ 131
Event: 18.283 Thread 0x0000000018004800 Uncommon trap: reason=unstable_if action=reinterpret pc=0x0000000003acfa68 method=com.sun.org.apache.xerces.internal.impl.io.UTF8Reader.read([CII)I @ 131
Event: 18.283 Thread 0x0000000018004800 Uncommon trap: reason=unstable_if action=reinterpret pc=0x0000000003a7ac78 method=java.util.regex.Pattern$BitClass.isSatisfiedBy(I)Z @ 4
Event: 18.283 Thread 0x0000000018004800 Uncommon trap: reason=unstable_if action=reinterpret pc=0x0000000003a7a7cc method=java.util.regex.Pattern$Ctype.isSatisfiedBy(I)Z @ 4
Event: 18.486 Thread 0x0000000018004800 Uncommon trap: reason=unstable_if action=reinterpret pc=0x0000000003a9afa8 method=com.sun.org.apache.xerces.internal.impl.XMLEntityScanner.scanContent(Lcom/sun/org/apache/xerces/internal/xni/XMLString;)I @ 44
Event: 18.488 Thread 0x0000000018004800 Uncommon trap: reason=unstable_if action=reinterpret pc=0x0000000003a58eb4 method=com.sun.org.apache.xerces.internal.impl.XMLEntityScanner.checkBeforeLoad(Lcom/sun/xml/internal/stream/Entity$ScannedEntity;II)I @ 18
Event: 19.088 Thread 0x0000000018004800 Uncommon trap: reason=class_check action=maybe_recompile pc=0x000000000344dd1c method=java.io.BufferedInputStream.read1([BII)I @ 39
Event: 19.088 Thread 0x0000000018004800 Uncommon trap: reason=class_check action=maybe_recompile pc=0x0000000002d6d158 method=java.io.BufferedInputStream.read1([BII)I @ 39
Event: 19.375 Thread 0x00000000165be000 Uncommon trap: reason=unstable_if action=reinterpret pc=0x00000000030a3214 method=java.util.WeakHashMap.expungeStaleEntries()V @ 9

Classes redefined (0 events):
No events

Internal exceptions (10 events):
Event: 18.428 Thread 0x0000000018004800 Exception <a 'sun/nio/fs/WindowsException'> (0x00000000e62c5470) thrown at [D:\src\AOSP-openjdk-cygwin\jdk8u\hotspot\src\share\vm\prims\jni.cpp, line 709]
Event: 18.429 Thread 0x0000000018004800 Exception <a 'sun/nio/fs/WindowsException'> (0x00000000e62c8c70) thrown at [D:\src\AOSP-openjdk-cygwin\jdk8u\hotspot\src\share\vm\prims\jni.cpp, line 709]
Event: 18.429 Thread 0x0000000018004800 Exception <a 'sun/nio/fs/WindowsException'> (0x00000000e62c9920) thrown at [D:\src\AOSP-openjdk-cygwin\jdk8u\hotspot\src\share\vm\prims\jni.cpp, line 709]
Event: 18.430 Thread 0x0000000018004800 Exception <a 'sun/nio/fs/WindowsException'> (0x00000000e62cb600) thrown at [D:\src\AOSP-openjdk-cygwin\jdk8u\hotspot\src\share\vm\prims\jni.cpp, line 709]
Event: 18.430 Thread 0x0000000018004800 Exception <a 'sun/nio/fs/WindowsException'> (0x00000000e62cc2f0) thrown at [D:\src\AOSP-openjdk-cygwin\jdk8u\hotspot\src\share\vm\prims\jni.cpp, line 709]
Event: 18.548 Thread 0x0000000018004800 Exception <a 'java/lang/NoSuchMethodError': java.lang.Object.lambda$comparing$77a9974f$1(Ljava/util/function/Function;Ljava/lang/Object;Ljava/lang/Object;)I> (0x00000000e648f408) thrown at [D:\src\AOSP-openjdk-cygwin\jdk8u\hotspot\src\share\vm\interpreter
Event: 18.550 Thread 0x0000000018004800 Exception <a 'java/lang/NoSuchMethodError': java.lang.Object.lambda$thenComparing$36697e65$1(Ljava/util/Comparator;Ljava/lang/Object;Ljava/lang/Object;)I> (0x00000000e649c298) thrown at [D:\src\AOSP-openjdk-cygwin\jdk8u\hotspot\src\share\vm\interpreter\li
Event: 18.587 Thread 0x0000000018004800 Exception <a 'java/lang/NoSuchMethodError': java.lang.Object.lambda$maxBy$1(Ljava/util/Comparator;Ljava/lang/Object;Ljava/lang/Object;)Ljava/lang/Object;> (0x00000000e65ecfc8) thrown at [D:\src\AOSP-openjdk-cygwin\jdk8u\hotspot\src\share\vm\interpreter\li
Event: 18.805 Thread 0x0000000018004800 Exception <a 'java/lang/ClassNotFoundException': org/gradle/api/plugins/BasePluginConventionBeanInfo> (0x00000000e6cca650) thrown at [D:\src\AOSP-openjdk-cygwin\jdk8u\hotspot\src\share\vm\classfile\systemDictionary.cpp, line 210]
Event: 18.806 Thread 0x0000000018004800 Exception <a 'java/lang/ClassNotFoundException': org/gradle/api/plugins/BasePluginConventionCustomizer> (0x00000000e6ceefa0) thrown at [D:\src\AOSP-openjdk-cygwin\jdk8u\hotspot\src\share\vm\classfile\systemDictionary.cpp, line 210]

Events (10 events):
Event: 19.547 loading class com/android/build/gradle/tasks/factory/AndroidJavaCompile
Event: 19.547 loading class com/android/build/gradle/tasks/factory/AndroidJavaCompile done
Event: 19.547 loading class org/gradle/api/tasks/compile/AbstractCompile
Event: 19.547 loading class org/gradle/api/tasks/compile/AbstractCompile done
Event: 19.548 loading class org/gradle/api/internal/tasks/compile/JavaCompileSpec
Event: 19.548 loading class org/gradle/api/internal/tasks/compile/JavaCompileSpec done
Event: 19.548 loading class org/gradle/api/internal/tasks/compile/JvmLanguageCompileSpec
Event: 19.548 loading class org/gradle/api/internal/tasks/compile/JvmLanguageCompileSpec done
Event: 19.549 loading class org/gradle/language/base/internal/compile/CompileSpec
Event: 19.549 loading class org/gradle/language/base/internal/compile/CompileSpec done


Dynamic libraries:
0x00007ff7c11e0000 - 0x00007ff7c1211000 	C:\Program Files\Android\Android Studio\jre\bin\java.exe
0x00007fff334a0000 - 0x00007fff3364d000 	C:\Windows\SYSTEM32\ntdll.dll
0x00007fff30be0000 - 0x00007fff30d1f000 	C:\Windows\system32\KERNEL32.DLL
0x00007fff30a10000 - 0x00007fff30b25000 	C:\Windows\system32\KERNELBASE.dll
0x00007fff30b30000 - 0x00007fff30bda000 	C:\Windows\system32\ADVAPI32.dll
0x00007fff33310000 - 0x00007fff33487000 	C:\Windows\system32\USER32.dll
0x00007fff2e6e0000 - 0x00007fff2e95b000 	C:\Windows\WinSxS\amd64_microsoft.windows.common-controls_6595b64144ccf1df_6.0.9600.19371_none_6246a93becb7b63e\COMCTL32.dll
0x00007fff31300000 - 0x00007fff313aa000 	C:\Windows\system32\msvcrt.dll
0x00007fff317b0000 - 0x00007fff31809000 	C:\Windows\SYSTEM32\sechost.dll
0x00007fff311c0000 - 0x00007fff31300000 	C:\Windows\system32\RPCRT4.dll
0x00007fff319f0000 - 0x00007fff31b3c000 	C:\Windows\system32\GDI32.dll
0x00007fff30880000 - 0x00007fff308ae000 	C:\Windows\system32\SspiCli.dll
0x00007fff313b0000 - 0x00007fff313e6000 	C:\Windows\system32\IMM32.DLL
0x00007fff30fa0000 - 0x00007fff310f1000 	C:\Windows\system32\MSCTF.dll
0x000000006d260000 - 0x000000006d332000 	C:\Program Files\Android\Android Studio\jre\jre\bin\msvcr100.dll
0x000000006d340000 - 0x000000006db81000 	C:\Program Files\Android\Android Studio\jre\jre\bin\server\jvm.dll
0x00007fff29380000 - 0x00007fff29389000 	C:\Windows\SYSTEM32\WSOCK32.dll
0x00007fff25c70000 - 0x00007fff25c92000 	C:\Windows\SYSTEM32\WINMM.dll
0x00007fff28e60000 - 0x00007fff28e6a000 	C:\Windows\SYSTEM32\VERSION.dll
0x00007fff314c0000 - 0x00007fff314c7000 	C:\Windows\system32\PSAPI.DLL
0x00007fff31d00000 - 0x00007fff31d5a000 	C:\Windows\system32\WS2_32.dll
0x00007fff25c30000 - 0x00007fff25c5a000 	C:\Windows\SYSTEM32\WINMMBASE.dll
0x00007fff30d20000 - 0x00007fff30d29000 	C:\Windows\system32\NSI.dll
0x00007fff308b0000 - 0x00007fff308ff000 	C:\Windows\SYSTEM32\cfgmgr32.dll
0x00007fff2f400000 - 0x00007fff2f428000 	C:\Windows\SYSTEM32\DEVOBJ.dll
0x00007fff29370000 - 0x00007fff2937f000 	C:\Program Files\Android\Android Studio\jre\jre\bin\verify.dll
0x00007fff292b0000 - 0x00007fff292d9000 	C:\Program Files\Android\Android Studio\jre\jre\bin\java.dll
0x00007fff29210000 - 0x00007fff29226000 	C:\Program Files\Android\Android Studio\jre\jre\bin\zip.dll
0x00007fff31dc0000 - 0x00007fff332eb000 	C:\Windows\system32\SHELL32.dll
0x00007fff315a0000 - 0x00007fff317b0000 	C:\Windows\SYSTEM32\combase.dll
0x00007fff31d60000 - 0x00007fff31db4000 	C:\Windows\system32\SHLWAPI.dll
0x00007fff2ebc0000 - 0x00007fff2ec72000 	C:\Windows\SYSTEM32\SHCORE.dll
0x00007fff305d0000 - 0x00007fff305e5000 	C:\Windows\SYSTEM32\profapi.dll
0x00007fff26d00000 - 0x00007fff26d1a000 	C:\Program Files\Android\Android Studio\jre\jre\bin\net.dll
0x00007fff2fe00000 - 0x00007fff2fe59000 	C:\Windows\system32\mswsock.dll
0x00007fff26ce0000 - 0x00007fff26cf1000 	C:\Program Files\Android\Android Studio\jre\jre\bin\nio.dll
0x00007fff29290000 - 0x00007fff292ae000 	C:\Users\Most\.gradle\native\25\windows-amd64\native-platform.dll
0x00007fff29310000 - 0x00007fff2931d000 	C:\Program Files\Android\Android Studio\jre\jre\bin\management.dll
0x00007fff2fe60000 - 0x00007fff2fe80000 	C:\Windows\SYSTEM32\CRYPTSP.dll
0x00007fff2fa80000 - 0x00007fff2fab6000 	C:\Windows\system32\rsaenh.dll
0x00007fff30110000 - 0x00007fff30136000 	C:\Windows\SYSTEM32\bcrypt.dll
0x00007fff2fb90000 - 0x00007fff2fbb1000 	C:\Windows\SYSTEM32\USERENV.dll
0x00007fff30430000 - 0x00007fff30493000 	C:\Windows\system32\bcryptprimitives.dll
0x00007fff304a0000 - 0x00007fff304ab000 	C:\Windows\SYSTEM32\CRYPTBASE.dll
0x00007fff2b200000 - 0x00007fff2b22a000 	C:\Windows\SYSTEM32\IPHLPAPI.DLL
0x00007fff2b1e0000 - 0x00007fff2b1ea000 	C:\Windows\SYSTEM32\WINNSI.DLL
0x00007fff2ac50000 - 0x00007fff2ac66000 	C:\Windows\SYSTEM32\dhcpcsvc6.DLL
0x00007fff2aea0000 - 0x00007fff2aeba000 	C:\Windows\SYSTEM32\dhcpcsvc.DLL

VM Arguments:
jvm_args: -Xmx1536m -Dfile.encoding=windows-1252 -Duser.country=US -Duser.language=en -Duser.variant 
java_command: org.gradle.launcher.daemon.bootstrap.GradleDaemon 4.6
java_class_path (initial): C:\Users\Most\.gradle\wrapper\dists\gradle-4.6-all\bcst21l2brirad8k2ben1letg\gradle-4.6\lib\gradle-launcher-4.6.jar
Launcher Type: SUN_STANDARD

Environment Variables:
PATH=C:\Program Files (x86)\Common Files\Oracle\Java\javapath;C:\Windows\system32;C:\Windows;C:\Windows\System32\Wbem;C:\Windows\System32\WindowsPowerShell\v1.0\;C:\Program Files\Git\cmd;E:\node\;E:\flutter\flutter\bin
USERNAME=Most
OS=Windows_NT
PROCESSOR_IDENTIFIER=Intel64 Family 6 Model 69 Stepping 1, GenuineIntel



---------------  S Y S T E M  ---------------

OS: Windows 8.1 , 64 bit Build 9600 (6.3.9600.19358)

CPU:total 4 (initial active 4) (2 cores per cpu, 2 threads per core) family 6 model 69 stepping 1, cmov, cx8, fxsr, mmx, sse, sse2, sse3, ssse3, sse4.1, sse4.2, popcnt, avx, avx2, aes, clmul, erms, lzcnt, ht, tsc, tscinvbit, bmi1, bmi2

Memory: 4k page, physical 4097440k(353852k free), swap 7243168k(5672k free)

vm_info: OpenJDK 64-Bit Server VM (25.152-b06) for windows-amd64 JRE (1.8.0_152-release-1136-b06), built by "builder" with MS VC++ 10.0 (VS2010)

time: Fri Jul 12 00:47:21 2019
elapsed time: 19 seconds (0d 0h 0m 19s)

