#
# There is insufficient memory for the Java Runtime Environment to continue.
# Native memory allocation (malloc) failed to allocate 1264336 bytes for Chunk::new
# Possible reasons:
#   The system is out of physical RAM or swap space
#   In 32 bit mode, the process size limit was hit
# Possible solutions:
#   Reduce memory load on the system
#   Increase physical memory or swap space
#   Check if swap backing store is full
#   Use 64 bit Java on a 64 bit OS
#   Decrease Java heap size (-Xmx/-Xms)
#   Decrease number of Java threads
#   Decrease Java thread stack sizes (-Xss)
#   Set larger code cache with -XX:ReservedCodeCacheSize=
# This output file may be truncated or incomplete.
#
#  Out of Memory Error (allocation.cpp:390), pid=6504, tid=0x00000000000014dc
#
# JRE version: OpenJDK Runtime Environment (8.0_152-b06) (build 1.8.0_152-release-1136-b06)
# Java VM: OpenJDK 64-Bit Server VM (25.152-b06 mixed mode windows-amd64 compressed oops)
# Failed to write core dump. Minidumps are not enabled by default on client versions of Windows
#

---------------  T H R E A D  ---------------

Current thread (0x0000000015f86800):  JavaThread "C2 CompilerThread0" daemon [_thread_in_native, id=5340, stack(0x00000000175c0000,0x00000000176c0000)]

Stack: [0x00000000175c0000,0x00000000176c0000]
[error occurred during error reporting (printing stack bounds), id 0xc0000005]

Native frames: (J=compiled Java code, j=interpreted, Vv=VM code, C=native code)


Current CompileTask:
C2:15596195 32390       4       com.android.tools.r8.dex.DexParser::parseDebugInfo (613 bytes)


---------------  P R O C E S S  ---------------

Java Threads: ( => current thread )
  0x0000000023cd6800 JavaThread "ForkJoinPool-366-worker-0" daemon [_thread_in_Java, id=6676, stack(0x00000000297f0000,0x00000000298f0000)]
  0x0000000023cd2800 JavaThread "ForkJoinPool-366-worker-3" daemon [_thread_in_Java, id=5640, stack(0x0000000028b90000,0x0000000028c90000)]
  0x0000000023cce000 JavaThread "ForkJoinPool-366-worker-2" daemon [_thread_blocked, id=4424, stack(0x0000000028e90000,0x0000000028f90000)]
  0x0000000023cd0800 JavaThread "ForkJoinPool-366-worker-1" daemon [_thread_in_native, id=5676, stack(0x0000000028d90000,0x0000000028e90000)]
  0x000000001b06e800 JavaThread "ForkJoinPool.commonPool-worker-3" daemon [_thread_blocked, id=2756, stack(0x0000000028c90000,0x0000000028d90000)]
  0x000000001b06d800 JavaThread "ForkJoinPool.commonPool-worker-1" daemon [_thread_blocked, id=6388, stack(0x0000000028a90000,0x0000000028b90000)]
  0x000000001b06c000 JavaThread "Cache worker for Java compile cache (E:\AndroidApps\AfshatQuiz\.gradle\4.6\javaCompile)" [_thread_blocked, id=5892, stack(0x0000000028990000,0x0000000028a90000)]
  0x000000001b069000 JavaThread "Task worker for ':' Thread 3" [_thread_blocked, id=3196, stack(0x0000000028590000,0x0000000028690000)]
  0x000000001b06a800 JavaThread "Task worker for ':' Thread 2" [_thread_blocked, id=6836, stack(0x0000000028490000,0x0000000028590000)]
  0x000000001b068800 JavaThread "Task worker for ':'" [_thread_blocked, id=6920, stack(0x0000000028390000,0x0000000028490000)]
  0x000000001b06b800 JavaThread "Cache worker for Build Output Cleanup Cache (E:\AndroidApps\AfshatQuiz\.gradle\buildOutputCleanup)" [_thread_blocked, id=6720, stack(0x0000000026bd0000,0x0000000026cd0000)]
  0x000000001b067800 JavaThread "Cache worker for task history cache (E:\AndroidApps\AfshatQuiz\.gradle\4.6\taskHistory)" [_thread_blocked, id=4696, stack(0x00000000258d0000,0x00000000259d0000)]
  0x000000001b06a000 JavaThread "Cache worker for file content cache (E:\AndroidApps\AfshatQuiz\.gradle\4.6\fileContent)" [_thread_blocked, id=7084, stack(0x0000000024d60000,0x0000000024e60000)]
  0x000000001b064000 JavaThread "Build operations Thread 4" [_thread_blocked, id=5704, stack(0x0000000024a60000,0x0000000024b60000)]
  0x000000001b067000 JavaThread "Build operations Thread 3" [_thread_blocked, id=5136, stack(0x0000000022ec0000,0x0000000022fc0000)]
  0x000000001b063000 JavaThread "Build operations Thread 2" [_thread_blocked, id=192, stack(0x00000000226c0000,0x00000000227c0000)]
  0x000000001b064800 JavaThread "Build operations" [_thread_blocked, id=4488, stack(0x0000000020550000,0x0000000020650000)]
  0x000000001b066000 JavaThread "Cache worker for Artifact transforms cache (C:\Users\Most\.gradle\caches\transforms-1)" [_thread_blocked, id=2820, stack(0x000000001f5f0000,0x000000001f6f0000)]
  0x000000001b065800 JavaThread "Cache worker for file hash cache (E:\AndroidApps\AfshatQuiz\.gradle\4.6\fileHashes)" [_thread_blocked, id=3540, stack(0x000000001dfd0000,0x000000001e0d0000)]
  0x000000001b05f000 JavaThread "Stdin handler" [_thread_blocked, id=5296, stack(0x000000001ded0000,0x000000001dfd0000)]
  0x000000001b060000 JavaThread "Asynchronous log dispatcher for DefaultDaemonConnection: socket connection from /127.0.0.1:50059 to /127.0.0.1:52147" [_thread_blocked, id=2616, stack(0x000000001a360000,0x000000001a460000)]
  0x000000001b062800 JavaThread "Cancel handler" [_thread_blocked, id=7112, stack(0x000000001a260000,0x000000001a360000)]
  0x000000001b060800 JavaThread "Handler for socket connection from /127.0.0.1:50059 to /127.0.0.1:52147" [_thread_in_native, id=6048, stack(0x0000000019f60000,0x000000001a060000)]
  0x0000000023ccf000 JavaThread "Daemon worker Thread 34" [_thread_blocked, id=1764, stack(0x000000001ba30000,0x000000001bb30000)]
  0x0000000023cd1000 JavaThread "Daemon Thread 34" [_thread_blocked, id=3868, stack(0x0000000019e60000,0x0000000019f60000)]
  0x000000001e676800 JavaThread "pool-11-thread-1" [_thread_blocked, id=80, stack(0x00000000227c0000,0x00000000228c0000)]
  0x000000001c059800 JavaThread "Memory manager" [_thread_blocked, id=3864, stack(0x000000001fc20000,0x000000001fd20000)]
  0x000000001c05c000 JavaThread "pool-1-thread-1" [_thread_blocked, id=7008, stack(0x000000001fb20000,0x000000001fc20000)]
  0x00000000190d3000 JavaThread "File lock request listener" [_thread_in_native, id=172, stack(0x000000001a960000,0x000000001aa60000)]
  0x0000000018fc5000 JavaThread "Cache worker for file hash cache (C:\Users\Most\.gradle\caches\4.6\fileHashes)" [_thread_blocked, id=4816, stack(0x000000001a860000,0x000000001a960000)]
  0x0000000018c43800 JavaThread "Daemon periodic checks" [_thread_blocked, id=4908, stack(0x0000000019d60000,0x0000000019e60000)]
  0x0000000018e9f800 JavaThread "Incoming local TCP Connector on port 50059" [_thread_in_native, id=6908, stack(0x0000000019b70000,0x0000000019c70000)]
  0x00000000178e8800 JavaThread "Service Thread" daemon [_thread_blocked, id=3612, stack(0x0000000017cc0000,0x0000000017dc0000)]
  0x0000000015f87000 JavaThread "C1 CompilerThread2" daemon [_thread_blocked, id=7000, stack(0x00000000177c0000,0x00000000178c0000)]
  0x0000000015f7a000 JavaThread "C2 CompilerThread1" daemon [_thread_in_native, id=6784, stack(0x00000000176c0000,0x00000000177c0000)]
=>0x0000000015f86800 JavaThread "C2 CompilerThread0" daemon [_thread_in_native, id=5340, stack(0x00000000175c0000,0x00000000176c0000)]
  0x0000000015f84800 JavaThread "Attach Listener" daemon [_thread_blocked, id=3896, stack(0x00000000174c0000,0x00000000175c0000)]
  0x0000000015f83000 JavaThread "Signal Dispatcher" daemon [_thread_blocked, id=3452, stack(0x00000000173c0000,0x00000000174c0000)]
  0x0000000015f68800 JavaThread "Finalizer" daemon [_thread_blocked, id=6552, stack(0x00000000171e0000,0x00000000172e0000)]
  0x0000000002601000 JavaThread "Reference Handler" daemon [_thread_blocked, id=3880, stack(0x00000000170e0000,0x00000000171e0000)]
  0x000000000237d800 JavaThread "main" [_thread_blocked, id=332, stack(0x0000000002410000,0x0000000002510000)]

Other Threads:
  0x0000000015f45800 VMThread [stack: 0x0000000016fe0000,0x00000000170e0000] [id=5752]
  0x00000000178e9000 WatcherThread [stack: 0x0000000017dc0000,0x0000000017ec0000] [id=2548]

VM state:not at safepoint (normal execution)

VM Mutex/Monitor currently owned by a thread: None

Heap:
 PSYoungGen      total 198656K, used 41937K [0x00000000e0000000, 0x00000000f3d00000, 0x0000000100000000)
  eden space 135168K, 31% used [0x00000000e0000000,0x00000000e28f4728,0x00000000e8400000)
  from space 63488K, 0% used [0x00000000e8400000,0x00000000e8400000,0x00000000ec200000)
  to   space 87040K, 0% used [0x00000000ee800000,0x00000000ee800000,0x00000000f3d00000)
 ParOldGen       total 235008K, used 131727K [0x00000000a0000000, 0x00000000ae580000, 0x00000000e0000000)
  object space 235008K, 56% used [0x00000000a0000000,0x00000000a80a3d60,0x00000000ae580000)
 Metaspace       used 111193K, capacity 117838K, committed 121216K, reserved 1155072K
  class space    used 13753K, capacity 15124K, committed 15744K, reserved 1048576K

Card table byte_map: [0x00000000119d0000,0x0000000011ce0000] byte_map_base: 0x00000000114d0000

Marking Bits: (ParMarkBitMap*) 0x0000000062535aa0
 Begin Bits: [0x00000000122e0000, 0x0000000013ae0000)
 End Bits:   [0x0000000013ae0000, 0x00000000152e0000)

Polling page: 0x0000000002300000

CodeCache: size=245760Kb used=90758Kb max_used=90758Kb free=155001Kb
 bounds [0x0000000002610000, 0x0000000007f70000, 0x0000000011610000]
 total_blobs=25019 nmethods=24133 adapters=797
 compilation: enabled

Compilation events (10 events):
Event: 15591.175 Thread 0x0000000015f87000 32463       2       com.android.tools.r8.code.AddIntLit8::<init> (7 bytes)
Event: 15591.176 Thread 0x0000000015f87000 nmethod 32463 0x0000000006075710 code [0x0000000006075880, 0x0000000006075b18]
Event: 15591.202 Thread 0x0000000015f87000 32465       2       com.android.tools.r8.code.AddInt2Addr::<init> (7 bytes)
Event: 15591.202 Thread 0x0000000015f87000 nmethod 32465 0x0000000007397cd0 code [0x0000000007397e20, 0x0000000007397fd0]
Event: 15591.213 Thread 0x0000000015f87000 32466       2       java.util.Arrays::hashCode (44 bytes)
Event: 15591.214 Thread 0x0000000015f87000 nmethod 32466 0x0000000007397890 code [0x00000000073979e0, 0x0000000007397bb0]
Event: 15591.236 Thread 0x0000000015f87000 32467       2       com.android.tools.r8.graph.DexItemFactory$$Lambda$435/1279662796::apply (15 bytes)
Event: 15591.237 Thread 0x0000000015f87000 nmethod 32467 0x0000000007397490 code [0x00000000073975e0, 0x00000000073977b0]
Event: 15591.245 Thread 0x0000000015f87000 32468       2       com.android.tools.r8.code.PackedSwitchPayload::<init> (59 bytes)
Event: 15591.246 Thread 0x0000000015f87000 nmethod 32468 0x0000000007396890 code [0x0000000007396a40, 0x0000000007396f88]

GC Heap History (10 events):
Event: 15568.766 GC heap before
{Heap before GC invocations=92 (full 4):
 PSYoungGen      total 159744K, used 159730K [0x00000000e0000000, 0x00000000ed500000, 0x0000000100000000)
  eden space 125952K, 100% used [0x00000000e0000000,0x00000000e7b00000,0x00000000e7b00000)
  from space 33792K, 99% used [0x00000000e7b00000,0x00000000e9bfca00,0x00000000e9c00000)
  to   space 39936K, 0% used [0x00000000eae00000,0x00000000eae00000,0x00000000ed500000)
 ParOldGen       total 159744K, used 139080K [0x00000000a0000000, 0x00000000a9c00000, 0x00000000e0000000)
  object space 159744K, 87% used [0x00000000a0000000,0x00000000a87d2228,0x00000000a9c00000)
 Metaspace       used 113163K, capacity 120958K, committed 121216K, reserved 1155072K
  class space    used 14145K, capacity 15733K, committed 15744K, reserved 1048576K
Event: 15568.897 GC heap after
Heap after GC invocations=92 (full 4):
 PSYoungGen      total 167936K, used 39934K [0x00000000e0000000, 0x00000000ee800000, 0x0000000100000000)
  eden space 128000K, 0% used [0x00000000e0000000,0x00000000e0000000,0x00000000e7d00000)
  from space 39936K, 99% used [0x00000000eae00000,0x00000000ed4ff8d8,0x00000000ed500000)
  to   space 50176K, 0% used [0x00000000e7d00000,0x00000000e7d00000,0x00000000eae00000)
 ParOldGen       total 159744K, used 149878K [0x00000000a0000000, 0x00000000a9c00000, 0x00000000e0000000)
  object space 159744K, 93% used [0x00000000a0000000,0x00000000a925d8b8,0x00000000a9c00000)
 Metaspace       used 113163K, capacity 120958K, committed 121216K, reserved 1155072K
  class space    used 14145K, capacity 15733K, committed 15744K, reserved 1048576K
}
Event: 15576.712 GC heap before
{Heap before GC invocations=93 (full 4):
 PSYoungGen      total 167936K, used 167701K [0x00000000e0000000, 0x00000000ee800000, 0x0000000100000000)
  eden space 128000K, 99% used [0x00000000e0000000,0x00000000e7cc5d28,0x00000000e7d00000)
  from space 39936K, 99% used [0x00000000eae00000,0x00000000ed4ff8d8,0x00000000ed500000)
  to   space 50176K, 0% used [0x00000000e7d00000,0x00000000e7d00000,0x00000000eae00000)
 ParOldGen       total 159744K, used 149878K [0x00000000a0000000, 0x00000000a9c00000, 0x00000000e0000000)
  object space 159744K, 93% used [0x00000000a0000000,0x00000000a925d8b8,0x00000000a9c00000)
 Metaspace       used 113224K, capacity 121022K, committed 121216K, reserved 1155072K
  class space    used 14145K, capacity 15733K, committed 15744K, reserved 1048576K
Event: 15576.971 GC heap after
Heap after GC invocations=93 (full 4):
 PSYoungGen      total 178176K, used 50173K [0x00000000e0000000, 0x00000000efb00000, 0x0000000100000000)
  eden space 128000K, 0% used [0x00000000e0000000,0x00000000e0000000,0x00000000e7d00000)
  from space 50176K, 99% used [0x00000000e7d00000,0x00000000eadff650,0x00000000eae00000)
  to   space 58368K, 0% used [0x00000000ec200000,0x00000000ec200000,0x00000000efb00000)
 ParOldGen       total 159744K, used 150036K [0x00000000a0000000, 0x00000000a9c00000, 0x00000000e0000000)
  object space 159744K, 93% used [0x00000000a0000000,0x00000000a92852a0,0x00000000a9c00000)
 Metaspace       used 113224K, capacity 121022K, committed 121216K, reserved 1155072K
  class space    used 14145K, capacity 15733K, committed 15744K, reserved 1048576K
}
Event: 15581.015 GC heap before
{Heap before GC invocations=94 (full 4):
 PSYoungGen      total 178176K, used 178173K [0x00000000e0000000, 0x00000000efb00000, 0x0000000100000000)
  eden space 128000K, 100% used [0x00000000e0000000,0x00000000e7d00000,0x00000000e7d00000)
  from space 50176K, 99% used [0x00000000e7d00000,0x00000000eadff650,0x00000000eae00000)
  to   space 58368K, 0% used [0x00000000ec200000,0x00000000ec200000,0x00000000efb00000)
 ParOldGen       total 159744K, used 150036K [0x00000000a0000000, 0x00000000a9c00000, 0x00000000e0000000)
  object space 159744K, 93% used [0x00000000a0000000,0x00000000a92852a0,0x00000000a9c00000)
 Metaspace       used 113254K, capacity 121022K, committed 121216K, reserved 1155072K
  class space    used 14146K, capacity 15733K, committed 15744K, reserved 1048576K
Event: 15581.124 GC heap after
Heap after GC invocations=94 (full 4):
 PSYoungGen      total 193536K, used 47317K [0x00000000e0000000, 0x00000000f0580000, 0x0000000100000000)
  eden space 135168K, 0% used [0x00000000e0000000,0x00000000e0000000,0x00000000e8400000)
  from space 58368K, 81% used [0x00000000ec200000,0x00000000ef035430,0x00000000efb00000)
  to   space 63488K, 0% used [0x00000000e8400000,0x00000000e8400000,0x00000000ec200000)
 ParOldGen       total 159744K, used 150320K [0x00000000a0000000, 0x00000000a9c00000, 0x00000000e0000000)
  object space 159744K, 94% used [0x00000000a0000000,0x00000000a92cc2b0,0x00000000a9c00000)
 Metaspace       used 113254K, capacity 121022K, committed 121216K, reserved 1155072K
  class space    used 14146K, capacity 15733K, committed 15744K, reserved 1048576K
}
Event: 15584.293 GC heap before
{Heap before GC invocations=95 (full 4):
 PSYoungGen      total 193536K, used 182485K [0x00000000e0000000, 0x00000000f0580000, 0x0000000100000000)
  eden space 135168K, 100% used [0x00000000e0000000,0x00000000e8400000,0x00000000e8400000)
  from space 58368K, 81% used [0x00000000ec200000,0x00000000ef035430,0x00000000efb00000)
  to   space 63488K, 0% used [0x00000000e8400000,0x00000000e8400000,0x00000000ec200000)
 ParOldGen       total 159744K, used 150320K [0x00000000a0000000, 0x00000000a9c00000, 0x00000000e0000000)
  object space 159744K, 94% used [0x00000000a0000000,0x00000000a92cc2b0,0x00000000a9c00000)
 Metaspace       used 113320K, capacity 121104K, committed 121216K, reserved 1155072K
  class space    used 14157K, capacity 15738K, committed 15744K, reserved 1048576K
Event: 15584.474 GC heap after
Heap after GC invocations=95 (full 4):
 PSYoungGen      total 198656K, used 63476K [0x00000000e0000000, 0x00000000f3d00000, 0x0000000100000000)
  eden space 135168K, 0% used [0x00000000e0000000,0x00000000e0000000,0x00000000e8400000)
  from space 63488K, 99% used [0x00000000e8400000,0x00000000ec1fd0b0,0x00000000ec200000)
  to   space 87040K, 0% used [0x00000000ee800000,0x00000000ee800000,0x00000000f3d00000)
 ParOldGen       total 186880K, used 186736K [0x00000000a0000000, 0x00000000ab680000, 0x00000000e0000000)
  object space 186880K, 99% used [0x00000000a0000000,0x00000000ab65c200,0x00000000ab680000)
 Metaspace       used 113320K, capacity 121104K, committed 121216K, reserved 1155072K
  class space    used 14157K, capacity 15738K, committed 15744K, reserved 1048576K
}
Event: 15584.476 GC heap before
{Heap before GC invocations=96 (full 5):
 PSYoungGen      total 198656K, used 63476K [0x00000000e0000000, 0x00000000f3d00000, 0x0000000100000000)
  eden space 135168K, 0% used [0x00000000e0000000,0x00000000e0000000,0x00000000e8400000)
  from space 63488K, 99% used [0x00000000e8400000,0x00000000ec1fd0b0,0x00000000ec200000)
  to   space 87040K, 0% used [0x00000000ee800000,0x00000000ee800000,0x00000000f3d00000)
 ParOldGen       total 186880K, used 186736K [0x00000000a0000000, 0x00000000ab680000, 0x00000000e0000000)
  object space 186880K, 99% used [0x00000000a0000000,0x00000000ab65c200,0x00000000ab680000)
 Metaspace       used 113320K, capacity 121104K, committed 121216K, reserved 1155072K
  class space    used 14157K, capacity 15738K, committed 15744K, reserved 1048576K
Event: 15590.437 GC heap after
Heap after GC invocations=96 (full 5):
 PSYoungGen      total 198656K, used 0K [0x00000000e0000000, 0x00000000f3d00000, 0x0000000100000000)
  eden space 135168K, 0% used [0x00000000e0000000,0x00000000e0000000,0x00000000e8400000)
  from space 63488K, 0% used [0x00000000e8400000,0x00000000e8400000,0x00000000ec200000)
  to   space 87040K, 0% used [0x00000000ee800000,0x00000000ee800000,0x00000000f3d00000)
 ParOldGen       total 235008K, used 131727K [0x00000000a0000000, 0x00000000ae580000, 0x00000000e0000000)
  object space 235008K, 56% used [0x00000000a0000000,0x00000000a80a3d60,0x00000000ae580000)
 Metaspace       used 111031K, capacity 117672K, committed 121216K, reserved 1155072K
  class space    used 13747K, capacity 15091K, committed 15744K, reserved 1048576K
}

Deoptimization events (10 events):
Event: 15584.001 Thread 0x0000000023cce000 Uncommon trap: reason=unstable_if action=reinterpret pc=0x00000000033d4e30 method=java.nio.Bits.copyToArray(JLjava/lang/Object;JJJ)V @ 19
Event: 15584.038 Thread 0x0000000023cce000 Uncommon trap: reason=unstable_if action=reinterpret pc=0x0000000003a86354 method=com.android.tools.r8.utils.LebUtils.parseUleb128(Lcom/android/tools/r8/dex/BinaryReader;)I @ 27
Event: 15590.558 Thread 0x0000000023cd2800 Uncommon trap: reason=unstable_if action=reinterpret pc=0x0000000006338e84 method=com.android.tools.r8.dex.DexParser.parseCodeItem()Lcom/android/tools/r8/graph/DexCode; @ 117
Event: 15590.559 Thread 0x0000000023cd6800 Uncommon trap: reason=unloaded action=reinterpret pc=0x000000000714c9dc method=com.android.tools.r8.code.BaseInstructionFactory.create(IILcom/android/tools/r8/code/BytecodeStream;Lcom/android/tools/r8/graph/OffsetToObjectMapping;)Lcom/android/tools/r8/cod
Event: 15590.600 Thread 0x0000000023cd6800 Uncommon trap: reason=unloaded action=reinterpret pc=0x0000000007292808 method=com.android.tools.r8.code.Nop.create(ILcom/android/tools/r8/code/BytecodeStream;)Lcom/android/tools/r8/code/Nop; @ 28
Event: 15590.606 Thread 0x0000000023cd6800 Uncommon trap: reason=unstable_if action=reinterpret pc=0x0000000002b3e668 method=com.android.tools.r8.it.unimi.dsi.fastutil.ints.Int2ObjectOpenHashMap.get(I)Ljava/lang/Object; @ 1
Event: 15590.635 Thread 0x0000000023cd6800 Uncommon trap: reason=unstable_if action=reinterpret pc=0x00000000049e0b74 method=com.android.tools.r8.it.unimi.dsi.fastutil.ints.Int2ObjectOpenHashMap.get(I)Ljava/lang/Object; @ 1
Event: 15590.672 Thread 0x0000000023cd6800 Uncommon trap: reason=null_assert action=make_not_entrant pc=0x0000000006c43018 method=com.android.tools.r8.dex.DexParser.parseDebugInfo()Lcom/android/tools/r8/graph/DexDebugInfo; @ 430
Event: 15590.672 Thread 0x0000000023cd2800 Uncommon trap: reason=null_assert action=make_not_entrant pc=0x0000000006c43018 method=com.android.tools.r8.dex.DexParser.parseDebugInfo()Lcom/android/tools/r8/graph/DexDebugInfo; @ 430
Event: 15591.100 Thread 0x0000000023cd6800 Uncommon trap: reason=unloaded action=reinterpret pc=0x0000000007399950 method=com.android.tools.r8.code.BaseInstructionFactory.create(IILcom/android/tools/r8/code/BytecodeStream;Lcom/android/tools/r8/graph/OffsetToObjectMapping;)Lcom/android/tools/r8/cod

Classes redefined (0 events):
No events

Internal exceptions (10 events):
Event: 15582.884 Thread 0x000000001b06d800 Exception <a 'sun/nio/fs/WindowsException'> (0x00000000e24ec8f0) thrown at [D:\src\AOSP-openjdk-cygwin\jdk8u\hotspot\src\share\vm\prims\jni.cpp, line 709]
Event: 15582.884 Thread 0x000000001b06d000 Exception <a 'sun/nio/fs/WindowsException'> (0x00000000e24c5018) thrown at [D:\src\AOSP-openjdk-cygwin\jdk8u\hotspot\src\share\vm\prims\jni.cpp, line 709]
Event: 15583.482 Thread 0x000000001b06d800 Exception <a 'sun/nio/fs/WindowsException'> (0x00000000e2675998) thrown at [D:\src\AOSP-openjdk-cygwin\jdk8u\hotspot\src\share\vm\prims\jni.cpp, line 709]
Event: 15583.490 Thread 0x000000001b06d800 Exception <a 'sun/nio/fs/WindowsException'> (0x00000000e267c880) thrown at [D:\src\AOSP-openjdk-cygwin\jdk8u\hotspot\src\share\vm\prims\jni.cpp, line 709]
Event: 15583.500 Thread 0x000000001b06d800 Exception <a 'sun/nio/fs/WindowsException'> (0x00000000e2685960) thrown at [D:\src\AOSP-openjdk-cygwin\jdk8u\hotspot\src\share\vm\prims\jni.cpp, line 709]
Event: 15583.620 Thread 0x000000001b06d000 Exception <a 'sun/nio/fs/WindowsException'> (0x00000000e291a878) thrown at [D:\src\AOSP-openjdk-cygwin\jdk8u\hotspot\src\share\vm\prims\jni.cpp, line 709]
Event: 15583.630 Thread 0x000000001b06d000 Exception <a 'sun/nio/fs/WindowsException'> (0x00000000e2921b80) thrown at [D:\src\AOSP-openjdk-cygwin\jdk8u\hotspot\src\share\vm\prims\jni.cpp, line 709]
Event: 15583.670 Thread 0x000000001b06d000 Exception <a 'sun/nio/fs/WindowsException'> (0x00000000e2929bc8) thrown at [D:\src\AOSP-openjdk-cygwin\jdk8u\hotspot\src\share\vm\prims\jni.cpp, line 709]
Event: 15583.678 Thread 0x000000001b06d000 Exception <a 'sun/nio/fs/WindowsException'> (0x00000000e2933b80) thrown at [D:\src\AOSP-openjdk-cygwin\jdk8u\hotspot\src\share\vm\prims\jni.cpp, line 709]
Event: 15584.005 Thread 0x0000000023cce000 Exception <a 'sun/nio/fs/WindowsException'> (0x00000000e30b57e0) thrown at [D:\src\AOSP-openjdk-cygwin\jdk8u\hotspot\src\share\vm\prims\jni.cpp, line 709]

Events (10 events):
Event: 15590.893 Thread 0x0000000023cd6800 DEOPT UNPACKING pc=0x00000000026575d0 sp=0x00000000298eefa0 mode 0
Event: 15590.942 Thread 0x0000000023cd2800 DEOPT PACKING pc=0x000000000793ec4b sp=0x0000000028c8e9e0
Event: 15590.942 Thread 0x0000000023cd2800 DEOPT UNPACKING pc=0x00000000026575d0 sp=0x0000000028c8e770 mode 0
Event: 15591.069 Thread 0x0000000023cd2800 DEOPT PACKING pc=0x000000000793ec4b sp=0x0000000028c8ec50
Event: 15591.069 Thread 0x0000000023cd2800 DEOPT UNPACKING pc=0x00000000026575d0 sp=0x0000000028c8e9e0 mode 0
Event: 15591.096 Thread 0x0000000023cd6800 DEOPT PACKING pc=0x000000000793ec4b sp=0x00000000298ef480
Event: 15591.096 Thread 0x0000000023cd6800 DEOPT UNPACKING pc=0x00000000026575d0 sp=0x00000000298ef210 mode 0
Event: 15591.100 Thread 0x0000000023cd6800 Uncommon trap: trap_request=0x00000034 fr.pc=0x0000000007399950
Event: 15591.103 Thread 0x0000000023cd6800 DEOPT PACKING pc=0x0000000007399950 sp=0x00000000298ef210
Event: 15591.103 Thread 0x0000000023cd6800 DEOPT UNPACKING pc=0x000000000265557b sp=0x00000000298ef1e0 mode 2


Dynamic libraries:
0x00007ff7a3ff0000 - 0x00007ff7a4021000 	C:\Program Files\Android\Android Studio\jre\bin\java.exe
0x00007ffd28170000 - 0x00007ffd2831d000 	C:\Windows\SYSTEM32\ntdll.dll
0x00007ffd277c0000 - 0x00007ffd278ff000 	C:\Windows\system32\KERNEL32.DLL
0x00007ffd25370000 - 0x00007ffd25486000 	C:\Windows\system32\KERNELBASE.dll
0x00007ffd27e30000 - 0x00007ffd27eda000 	C:\Windows\system32\ADVAPI32.dll
0x00007ffd27a40000 - 0x00007ffd27bb7000 	C:\Windows\system32\USER32.dll
0x00007ffd233b0000 - 0x00007ffd2362b000 	C:\Windows\WinSxS\amd64_microsoft.windows.common-controls_6595b64144ccf1df_6.0.9600.19394_none_62486577ecb635cf\COMCTL32.dll
0x00007ffd27130000 - 0x00007ffd271da000 	C:\Windows\system32\msvcrt.dll
0x00007ffd271e0000 - 0x00007ffd27239000 	C:\Windows\SYSTEM32\sechost.dll
0x00007ffd27900000 - 0x00007ffd27a40000 	C:\Windows\system32\RPCRT4.dll
0x00007ffd26fe0000 - 0x00007ffd2712c000 	C:\Windows\system32\GDI32.dll
0x00007ffd25490000 - 0x00007ffd254be000 	C:\Windows\system32\SspiCli.dll
0x00007ffd28130000 - 0x00007ffd28166000 	C:\Windows\system32\IMM32.DLL
0x00007ffd25800000 - 0x00007ffd25952000 	C:\Windows\system32\MSCTF.dll
0x0000000061c90000 - 0x0000000061d62000 	C:\Program Files\Android\Android Studio\jre\jre\bin\msvcr100.dll
0x0000000061d70000 - 0x00000000625b1000 	C:\Program Files\Android\Android Studio\jre\jre\bin\server\jvm.dll
0x00007ffd21fa0000 - 0x00007ffd21fa9000 	C:\Windows\SYSTEM32\WSOCK32.dll
0x00007ffd17950000 - 0x00007ffd17972000 	C:\Windows\SYSTEM32\WINMM.dll
0x00007ffd1e010000 - 0x00007ffd1e01a000 	C:\Windows\SYSTEM32\VERSION.dll
0x00007ffd28120000 - 0x00007ffd28127000 	C:\Windows\system32\PSAPI.DLL
0x00007ffd27dd0000 - 0x00007ffd27e2a000 	C:\Windows\system32\WS2_32.dll
0x00007ffd17580000 - 0x00007ffd175aa000 	C:\Windows\SYSTEM32\WINMMBASE.dll
0x00007ffd27f50000 - 0x00007ffd27f59000 	C:\Windows\system32\NSI.dll
0x00007ffd25750000 - 0x00007ffd2579f000 	C:\Windows\SYSTEM32\cfgmgr32.dll
0x00007ffd240d0000 - 0x00007ffd240f8000 	C:\Windows\SYSTEM32\DEVOBJ.dll
0x00007ffd21e60000 - 0x00007ffd21e6f000 	C:\Program Files\Android\Android Studio\jre\jre\bin\verify.dll
0x00007ffd20080000 - 0x00007ffd200a9000 	C:\Program Files\Android\Android Studio\jre\jre\bin\java.dll
0x00007ffd21e40000 - 0x00007ffd21e56000 	C:\Program Files\Android\Android Studio\jre\jre\bin\zip.dll
0x00007ffd25970000 - 0x00007ffd26e9b000 	C:\Windows\system32\SHELL32.dll
0x00007ffd27bc0000 - 0x00007ffd27dd0000 	C:\Windows\SYSTEM32\combase.dll
0x00007ffd27760000 - 0x00007ffd277b4000 	C:\Windows\system32\SHLWAPI.dll
0x00007ffd23890000 - 0x00007ffd23942000 	C:\Windows\SYSTEM32\SHCORE.dll
0x00007ffd252a0000 - 0x00007ffd252b5000 	C:\Windows\SYSTEM32\profapi.dll
0x00007ffd21d70000 - 0x00007ffd21d8a000 	C:\Program Files\Android\Android Studio\jre\jre\bin\net.dll
0x00007ffd249a0000 - 0x00007ffd249f9000 	C:\Windows\system32\mswsock.dll
0x00007ffd21c30000 - 0x00007ffd21c41000 	C:\Program Files\Android\Android Studio\jre\jre\bin\nio.dll
0x00007ffd1a700000 - 0x00007ffd1a71e000 	C:\Users\Most\.gradle\native\25\windows-amd64\native-platform.dll
0x00007ffd20910000 - 0x00007ffd2091d000 	C:\Program Files\Android\Android Studio\jre\jre\bin\management.dll
0x00007ffd24af0000 - 0x00007ffd24b10000 	C:\Windows\SYSTEM32\CRYPTSP.dll
0x00007ffd24750000 - 0x00007ffd24786000 	C:\Windows\system32\rsaenh.dll
0x00007ffd24da0000 - 0x00007ffd24dc6000 	C:\Windows\SYSTEM32\bcrypt.dll
0x00007ffd24a50000 - 0x00007ffd24a71000 	C:\Windows\SYSTEM32\USERENV.dll
0x00007ffd25100000 - 0x00007ffd25163000 	C:\Windows\system32\bcryptprimitives.dll
0x00007ffd25170000 - 0x00007ffd2517b000 	C:\Windows\SYSTEM32\CRYPTBASE.dll
0x00007ffd1f6a0000 - 0x00007ffd1f6ca000 	C:\Windows\SYSTEM32\IPHLPAPI.DLL
0x00007ffd1f690000 - 0x00007ffd1f69a000 	C:\Windows\SYSTEM32\WINNSI.DLL
0x00007ffd1ecd0000 - 0x00007ffd1ece6000 	C:\Windows\SYSTEM32\dhcpcsvc6.DLL
0x00007ffd1f150000 - 0x00007ffd1f16a000 	C:\Windows\SYSTEM32\dhcpcsvc.DLL
0x00007ffd1ad20000 - 0x00007ffd1ad44000 	C:\Program Files\Android\Android Studio\jre\jre\bin\sunec.dll
0x00007ffd248f0000 - 0x00007ffd24994000 	C:\Windows\SYSTEM32\DNSAPI.dll
0x00007ffd1c800000 - 0x00007ffd1c80a000 	C:\Windows\System32\rasadhlp.dll
0x00007ffd1f020000 - 0x00007ffd1f08b000 	C:\Windows\System32\fwpuclnt.dll
0x00007ffd20010000 - 0x00007ffd2001b000 	C:\Program Files\Android\Android Studio\jre\jre\bin\sunmscapi.dll
0x00007ffd25570000 - 0x00007ffd2574f000 	C:\Windows\system32\CRYPT32.dll
0x00007ffd25350000 - 0x00007ffd25361000 	C:\Windows\system32\MSASN1.dll

VM Arguments:
jvm_args: -Xmx1536m -Dfile.encoding=windows-1252 -Duser.country=US -Duser.language=en -Duser.variant 
java_command: org.gradle.launcher.daemon.bootstrap.GradleDaemon 4.6
java_class_path (initial): C:\Users\Most\.gradle\wrapper\dists\gradle-4.6-all\bcst21l2brirad8k2ben1letg\gradle-4.6\lib\gradle-launcher-4.6.jar
Launcher Type: SUN_STANDARD

Environment Variables:
PATH=C:\Program Files (x86)\Common Files\Oracle\Java\javapath;C:\Windows\system32;C:\Windows;C:\Windows\System32\Wbem;C:\Windows\System32\WindowsPowerShell\v1.0\;C:\Program Files\Git\cmd;E:\node\;E:\flutter\flutter\bin
USERNAME=Most
OS=Windows_NT
PROCESSOR_IDENTIFIER=Intel64 Family 6 Model 69 Stepping 1, GenuineIntel



---------------  S Y S T E M  ---------------

OS: Windows 8.1 , 64 bit Build 9600 (6.3.9600.19358)

CPU:total 4 (initial active 4) (2 cores per cpu, 2 threads per core) family 6 model 69 stepping 1, cmov, cx8, fxsr, mmx, sse, sse2, sse3, ssse3, sse4.1, sse4.2, popcnt, avx, avx2, aes, clmul, erms, lzcnt, ht, tsc, tscinvbit, bmi1, bmi2

Memory: 4k page, physical 4097440k(154488k free), swap 7243168k(6352k free)

vm_info: OpenJDK 64-Bit Server VM (25.152-b06) for windows-amd64 JRE (1.8.0_152-release-1136-b06), built by "builder" with MS VC++ 10.0 (VS2010)

time: Wed Aug 21 22:33:39 2019
elapsed time: 15591 seconds (0d 4h 19m 51s)

